2024-04-21 02:43:04,166 - root - INFO - Logger setup complete with file logging
2024-04-21 02:43:06,215 - root - INFO - Start cleaning times
2024-04-21 02:43:23,301 - root - INFO - Stop cleanign times
2024-04-21 02:43:23,301 - root - INFO - Starting merges
2024-04-21 02:43:23,305 - root - INFO -        route_id service_id  trip_id     trip_headsign  trip_short_name  direction_id  block_id  shape_id  wheelchair_accessible  bikes_allowed route_short_name
0         19930    293.0.2  5307112             Ogden              NaN             0   1167267    230484                      1              1              470
1         19930    293.0.2  5307113             Ogden              NaN             0   1167263    230484                      1              1              470
2         19930    293.0.2  5307114             Ogden              NaN             0   1167261    230484                      1              1              470
3         19930    293.0.2  5307115             Ogden              NaN             0   1167260    230484                      1              1              470
4         19930    293.0.2  5307116             Ogden              NaN             0   1167266    230484                      1              1              470
...         ...        ...      ...               ...              ...           ...       ...       ...                    ...            ...              ...
10396     93045    293.0.4  5327281  Olympus Cove P+R              NaN             1   1168860    231438                      1              1               39
10397     93045    293.0.4  5327282  Olympus Cove P+R              NaN             1   1168862    231438                      1              1               39
10398     93045    293.0.4  5327283  Olympus Cove P+R              NaN             1   1168859    231438                      1              1               39
10399     93045    293.0.4  5327284  Olympus Cove P+R              NaN             1   1168861    231438                      1              1               39
10400     93045    293.0.4  5327285  Olympus Cove P+R              NaN             1   1168860    231438                      1              1               39

[10401 rows x 11 columns]
2024-04-21 02:43:23,380 - root - INFO -         route_id service_id  trip_id     trip_headsign  trip_short_name  direction_id  block_id  shape_id  wheelchair_accessible  bikes_allowed route_short_name arrival_time  stop_id
0          19930    293.0.2  5307112             Ogden              NaN             0   1167267    230484                      1              1              470     05:45:00     5502
1          19930    293.0.2  5307112             Ogden              NaN             0   1167267    230484                      1              1              470     05:46:05    13095
2          19930    293.0.2  5307112             Ogden              NaN             0   1167267    230484                      1              1              470     05:47:00     5504
3          19930    293.0.2  5307112             Ogden              NaN             0   1167267    230484                      1              1              470     05:47:31    13192
4          19930    293.0.2  5307112             Ogden              NaN             0   1167267    230484                      1              1              470     05:48:43    21929
...          ...        ...      ...               ...              ...           ...       ...       ...                    ...            ...              ...          ...      ...
442713     93045    293.0.4  5327285  Olympus Cove P+R              NaN             1   1168860    231438                      1              1               39     00:37:41    18677
442714     93045    293.0.4  5327285  Olympus Cove P+R              NaN             1   1168860    231438                      1              1               39     00:38:09    17526
442715     93045    293.0.4  5327285  Olympus Cove P+R              NaN             1   1168860    231438                      1              1               39     00:39:00    17527
442716     93045    293.0.4  5327285  Olympus Cove P+R              NaN             1   1168860    231438                      1              1               39     00:40:06    23916
442717     93045    293.0.4  5327285  Olympus Cove P+R              NaN             1   1168860    231438                      1              1               39     00:41:00    22257

[442718 rows x 13 columns]
2024-04-21 02:43:23,459 - root - INFO -         route_id service_id  trip_id     trip_headsign  trip_short_name  direction_id  block_id  shape_id  wheelchair_accessible  bikes_allowed route_short_name arrival_time  stop_id                     stop_name   stop_lat    stop_lon
0          19930    293.0.2  5307112             Ogden              NaN             0   1167267    230484                      1              1              470     05:45:00     5502         State St / 400 S (NB)  40.761431 -111.888044
1          19930    293.0.2  5307112             Ogden              NaN             0   1167267    230484                      1              1              470     05:46:05    13095         State St / 300 S (NB)  40.763556 -111.888072
2          19930    293.0.2  5307112             Ogden              NaN             0   1167267    230484                      1              1              470     05:47:00     5504         State St / 150 S (NB)  40.765870 -111.888062
3          19930    293.0.2  5307112             Ogden              NaN             0   1167267    230484                      1              1              470     05:47:31    13192          State St / 50 S (NB)  40.767803 -111.888086
4          19930    293.0.2  5307112             Ogden              NaN             0   1167267    230484                      1              1              470     05:48:43    21929  North Temple / State St (WB)  40.771666 -111.889348
...          ...        ...      ...               ...              ...           ...       ...       ...                    ...            ...              ...          ...      ...                           ...        ...         ...
442713     93045    293.0.4  5327285  Olympus Cove P+R              NaN             1   1168860    231438                      1              1               39     00:37:41    18677               3900 S @ 2858 E  40.686947 -111.811339
442714     93045    293.0.4  5327285  Olympus Cove P+R              NaN             1   1168860    231438                      1              1               39     00:38:09    17526               3900 S @ 2944 E  40.686960 -111.809064
442715     93045    293.0.4  5327285  Olympus Cove P+R              NaN             1   1168860    231438                      1              1               39     00:39:00    17527               3900 S @ 3080 E  40.686988 -111.805040
442716     93045    293.0.4  5327285  Olympus Cove P+R              NaN             1   1168860    231438                      1              1               39     00:40:06    23916               3900 S @ 3290 E  40.686964 -111.799829
442717     93045    293.0.4  5327285  Olympus Cove P+R              NaN             1   1168860    231438                      1              1               39     00:41:00    22257      Olympus Cove P+R (Bay E)  40.687589 -111.796633

[442718 rows x 16 columns]
2024-04-21 02:43:23,587 - root - INFO -         stop_id route_short_name        stop_name           trip_headsign   stop_lat    stop_lon arrival_time
256491      391              240  4015 W @ 4878 S   Jordan Valley Station  40.663345 -111.987053     05:32:21
37000       391              240  4015 W @ 4878 S   Jordan Valley Station  40.663345 -111.987053     05:40:21
256547      391              240  4015 W @ 4878 S   Jordan Valley Station  40.663345 -111.987053     06:02:21
256603      391              240  4015 W @ 4878 S   Jordan Valley Station  40.663345 -111.987053     06:34:21
37056       391              240  4015 W @ 4878 S   Jordan Valley Station  40.663345 -111.987053     06:40:21
...         ...              ...              ...                     ...        ...         ...          ...
369363    25451             F578  7800 S / 5471 W  Midvale Center Station  40.609325 -112.020236     19:08:28
369392    25451             F578  7800 S / 5471 W  Midvale Center Station  40.609325 -112.020236     19:38:28
122292    25451             F578  7800 S / 5471 W  Midvale Center Station  40.609325 -112.020236     19:58:28
369421    25451             F578  7800 S / 5471 W  Midvale Center Station  40.609325 -112.020236     20:08:28
369450    25451             F578  7800 S / 5471 W  Midvale Center Station  40.609325 -112.020236     20:38:28

[442718 rows x 7 columns]
2024-04-21 02:43:23,591 - root - INFO - Merges end
2024-04-21 02:43:23,773 - root - INFO - Expected route punctuality:          stop_id route_short_name        stop_name           trip_headsign   stop_lat    stop_lon arrival_time
256491      391              240  4015 W @ 4878 S   Jordan Valley Station  40.663345 -111.987053     05:32:21
37000       391              240  4015 W @ 4878 S   Jordan Valley Station  40.663345 -111.987053     05:40:21
256547      391              240  4015 W @ 4878 S   Jordan Valley Station  40.663345 -111.987053     06:02:21
256603      391              240  4015 W @ 4878 S   Jordan Valley Station  40.663345 -111.987053     06:34:21
37056       391              240  4015 W @ 4878 S   Jordan Valley Station  40.663345 -111.987053     06:40:21
...         ...              ...              ...                     ...        ...         ...          ...
369363    25451             F578  7800 S / 5471 W  Midvale Center Station  40.609325 -112.020236     19:08:28
369392    25451             F578  7800 S / 5471 W  Midvale Center Station  40.609325 -112.020236     19:38:28
122292    25451             F578  7800 S / 5471 W  Midvale Center Station  40.609325 -112.020236     19:58:28
369421    25451             F578  7800 S / 5471 W  Midvale Center Station  40.609325 -112.020236     20:08:28
369450    25451             F578  7800 S / 5471 W  Midvale Center Station  40.609325 -112.020236     20:38:28

[442718 rows x 7 columns]
2024-04-21 02:43:23,841 - root - INFO - Unique dates found in bus locations data: ['04/11/24']
2024-04-21 02:43:23,841 - root - INFO - Stop interval: -51.5
2024-04-21 02:43:23,842 - root - INFO - Processing matches for date: 2024-11-04
2024-04-21 02:43:23,873 - root - INFO - Unique dates found in bus locations data: ['04/11/24']
2024-04-21 02:43:23,873 - root - INFO - Stop interval: -26.5
2024-04-21 02:43:23,873 - root - INFO - Processing matches for date: 2024-11-04
2024-04-21 02:43:23,904 - root - INFO - Unique dates found in bus locations data: ['04/11/24']
2024-04-21 02:43:23,904 - root - INFO - Stop interval: 0.0
2024-04-21 02:43:23,905 - root - INFO - Processing matches for date: 2024-11-04
2024-04-21 02:43:23,911 - root - INFO - Unique dates found in bus locations data: ['04/11/24']
2024-04-21 02:43:23,911 - root - INFO - Stop interval: 27.5
2024-04-21 02:43:23,913 - root - INFO - Processing matches for date: 2024-11-04
2024-04-21 02:43:23,953 - root - INFO - Unique dates found in bus locations data: ['04/11/24']
2024-04-21 02:43:23,953 - root - INFO - Stop interval: -120.0
2024-04-21 02:43:23,954 - root - INFO - Processing matches for date: 2024-11-04
2024-04-21 02:43:23,961 - root - INFO - Unique dates found in bus locations data: ['04/11/24']
2024-04-21 02:43:23,961 - root - INFO - Stop interval: 30.0
2024-04-21 02:43:23,961 - root - INFO - Processing matches for date: 2024-11-04
2024-04-21 02:43:23,964 - root - INFO - Unique dates found in bus locations data: ['04/11/24']
2024-04-21 02:43:23,964 - root - INFO - Stop interval: 22.5
2024-04-21 02:43:23,965 - root - INFO - Processing matches for date: 2024-11-04
2024-04-21 02:43:23,973 - root - INFO - Match Found! {'vehicle_id': 15001, 'stop_id': 1022, 'stop_name': 1022, 'route': '1', 'destination': 'Poplar Grove (Orange St)', 'scheduled_arrival_time': datetime.time(6, 5), 'actual_arrival_time': datetime.time(6, 0, 13), 'distance_to_stop': 9.102629825881582, 'match_date': datetime.date(2024, 11, 4)}
2024-04-21 02:43:23,979 - root - INFO - Match Found! {'vehicle_id': 15001, 'stop_id': 1022, 'stop_name': 1022, 'route': '1', 'destination': 'Poplar Grove (Orange St)', 'scheduled_arrival_time': datetime.time(6, 20), 'actual_arrival_time': datetime.time(6, 15, 14), 'distance_to_stop': 8.966127751799227, 'match_date': datetime.date(2024, 11, 4)}
2024-04-21 02:43:23,987 - root - INFO - Match Found! {'vehicle_id': 15019, 'stop_id': 1022, 'stop_name': 1022, 'route': '1', 'destination': 'Poplar Grove (Orange St)', 'scheduled_arrival_time': datetime.time(6, 35), 'actual_arrival_time': datetime.time(6, 42, 10), 'distance_to_stop': 49.7735750865329, 'match_date': datetime.date(2024, 11, 4)}
2024-04-21 02:43:23,995 - root - INFO - Match Found! {'vehicle_id': 13003, 'stop_id': 1022, 'stop_name': 1022, 'route': '1', 'destination': 'Poplar Grove (Orange St)', 'scheduled_arrival_time': datetime.time(6, 50), 'actual_arrival_time': datetime.time(6, 47, 47), 'distance_to_stop': 9.369668060766578, 'match_date': datetime.date(2024, 11, 4)}
2024-04-21 02:43:23,998 - root - INFO - Match Found! {'vehicle_id': 15002, 'stop_id': 1022, 'stop_name': 1022, 'route': '1', 'destination': 'Poplar Grove (Orange St)', 'scheduled_arrival_time': datetime.time(7, 5), 'actual_arrival_time': datetime.time(7, 0, 7), 'distance_to_stop': 27.50414739800412, 'match_date': datetime.date(2024, 11, 4)}
2024-04-21 02:43:24,030 - root - INFO - Unique dates found in bus locations data: ['04/11/24']
2024-04-21 02:43:24,031 - root - INFO - Stop interval: 15.0
2024-04-21 02:43:24,031 - root - INFO - Processing matches for date: 2024-11-04
2024-04-21 02:43:24,041 - root - INFO - Match Found! {'vehicle_id': 15001, 'stop_id': 1022, 'stop_name': 1022, 'route': '1', 'destination': 'Poplar Grove (Orange St)', 'scheduled_arrival_time': datetime.time(6, 20), 'actual_arrival_time': datetime.time(6, 15, 14), 'distance_to_stop': 8.966127751799227, 'match_date': datetime.date(2024, 11, 4)}
2024-04-21 02:43:24,048 - root - INFO - Match Found! {'vehicle_id': 15019, 'stop_id': 1022, 'stop_name': 1022, 'route': '1', 'destination': 'Poplar Grove (Orange St)', 'scheduled_arrival_time': datetime.time(6, 35), 'actual_arrival_time': datetime.time(6, 42, 10), 'distance_to_stop': 49.7735750865329, 'match_date': datetime.date(2024, 11, 4)}
2024-04-21 02:43:24,056 - root - INFO - Match Found! {'vehicle_id': 13003, 'stop_id': 1022, 'stop_name': 1022, 'route': '1', 'destination': 'Poplar Grove (Orange St)', 'scheduled_arrival_time': datetime.time(6, 50), 'actual_arrival_time': datetime.time(6, 47, 47), 'distance_to_stop': 9.369668060766578, 'match_date': datetime.date(2024, 11, 4)}
2024-04-21 02:43:24,059 - root - INFO - Match Found! {'vehicle_id': 15002, 'stop_id': 1022, 'stop_name': 1022, 'route': '1', 'destination': 'Poplar Grove (Orange St)', 'scheduled_arrival_time': datetime.time(7, 5), 'actual_arrival_time': datetime.time(7, 0, 7), 'distance_to_stop': 27.50414739800412, 'match_date': datetime.date(2024, 11, 4)}
2024-04-21 02:43:24,094 - root - INFO - Unique dates found in bus locations data: ['04/11/24']
2024-04-21 02:43:24,094 - root - INFO - Stop interval: 19.0
2024-04-21 02:43:24,094 - root - INFO - Processing matches for date: 2024-11-04
2024-04-21 02:43:24,101 - root - INFO - Match Found! {'vehicle_id': 23109, 'stop_id': 1022, 'stop_name': 1022, 'route': '2', 'destination': 'Salt Lake Central Station', 'scheduled_arrival_time': datetime.time(6, 3), 'actual_arrival_time': datetime.time(6, 8, 30), 'distance_to_stop': 3.9196018561588506, 'match_date': datetime.date(2024, 11, 4)}
2024-04-21 02:43:24,104 - root - INFO - Match Found! {'vehicle_id': 23109, 'stop_id': 1022, 'stop_name': 1022, 'route': '2', 'destination': 'University Hospital', 'scheduled_arrival_time': datetime.time(6, 5), 'actual_arrival_time': datetime.time(6, 7, 22), 'distance_to_stop': 86.24322096479277, 'match_date': datetime.date(2024, 11, 4)}
2024-04-21 02:43:24,108 - root - INFO - Match Found! {'vehicle_id': 23113, 'stop_id': 1022, 'stop_name': 1022, 'route': '2', 'destination': 'Salt Lake Central Station', 'scheduled_arrival_time': datetime.time(6, 35), 'actual_arrival_time': datetime.time(6, 36, 33), 'distance_to_stop': 8.966127751799227, 'match_date': datetime.date(2024, 11, 4)}
2024-04-21 02:43:24,112 - root - INFO - Match Found! {'vehicle_id': 23113, 'stop_id': 1022, 'stop_name': 1022, 'route': '2', 'destination': 'Salt Lake Central Station', 'scheduled_arrival_time': datetime.time(6, 36), 'actual_arrival_time': datetime.time(6, 37, 41), 'distance_to_stop': 106.29614746155508, 'match_date': datetime.date(2024, 11, 4)}
2024-04-21 02:43:24,117 - root - INFO - Match Found! {'vehicle_id': 23104, 'stop_id': 1022, 'stop_name': 1022, 'route': '2', 'destination': 'Salt Lake Central Station', 'scheduled_arrival_time': datetime.time(6, 50), 'actual_arrival_time': datetime.time(6, 55, 39), 'distance_to_stop': 8.966127751799227, 'match_date': datetime.date(2024, 11, 4)}
2024-04-21 02:43:24,119 - root - INFO - Match Found! {'vehicle_id': 23104, 'stop_id': 1022, 'stop_name': 1022, 'route': '2', 'destination': 'Salt Lake Central Station', 'scheduled_arrival_time': datetime.time(7, 5), 'actual_arrival_time': datetime.time(6, 57, 54), 'distance_to_stop': 589.3707726711716, 'match_date': datetime.date(2024, 11, 4)}
2024-04-21 02:43:24,121 - root - INFO - Match Found! {'vehicle_id': 23104, 'stop_id': 1022, 'stop_name': 1022, 'route': '2', 'destination': 'Salt Lake Central Station', 'scheduled_arrival_time': datetime.time(7, 6), 'actual_arrival_time': datetime.time(6, 59, 1), 'distance_to_stop': 1204.90905329425, 'match_date': datetime.date(2024, 11, 4)}
2024-04-21 02:43:24,196 - root - INFO - Unique dates found in bus locations data: ['04/11/24']
2024-04-21 02:43:24,196 - root - INFO - Stop interval: 19.0
2024-04-21 02:43:24,196 - root - INFO - Processing matches for date: 2024-11-04
2024-04-21 02:43:24,203 - root - INFO - Match Found! {'vehicle_id': 23109, 'stop_id': 1022, 'stop_name': 1022, 'route': '2', 'destination': 'Salt Lake Central Station', 'scheduled_arrival_time': datetime.time(6, 3), 'actual_arrival_time': datetime.time(6, 8, 30), 'distance_to_stop': 3.9196018561588506, 'match_date': datetime.date(2024, 11, 4)}
2024-04-21 02:43:24,205 - root - INFO - Match Found! {'vehicle_id': 23109, 'stop_id': 1022, 'stop_name': 1022, 'route': '2', 'destination': 'University Hospital', 'scheduled_arrival_time': datetime.time(6, 5), 'actual_arrival_time': datetime.time(6, 7, 22), 'distance_to_stop': 86.24322096479277, 'match_date': datetime.date(2024, 11, 4)}
2024-04-21 02:43:24,209 - root - INFO - Match Found! {'vehicle_id': 23113, 'stop_id': 1022, 'stop_name': 1022, 'route': '2', 'destination': 'Salt Lake Central Station', 'scheduled_arrival_time': datetime.time(6, 35), 'actual_arrival_time': datetime.time(6, 36, 33), 'distance_to_stop': 8.966127751799227, 'match_date': datetime.date(2024, 11, 4)}
2024-04-21 02:43:24,214 - root - INFO - Match Found! {'vehicle_id': 23113, 'stop_id': 1022, 'stop_name': 1022, 'route': '2', 'destination': 'Salt Lake Central Station', 'scheduled_arrival_time': datetime.time(6, 36), 'actual_arrival_time': datetime.time(6, 37, 41), 'distance_to_stop': 106.29614746155508, 'match_date': datetime.date(2024, 11, 4)}
2024-04-21 02:43:24,219 - root - INFO - Match Found! {'vehicle_id': 23104, 'stop_id': 1022, 'stop_name': 1022, 'route': '2', 'destination': 'Salt Lake Central Station', 'scheduled_arrival_time': datetime.time(6, 50), 'actual_arrival_time': datetime.time(6, 55, 39), 'distance_to_stop': 8.966127751799227, 'match_date': datetime.date(2024, 11, 4)}
2024-04-21 02:43:24,221 - root - INFO - Match Found! {'vehicle_id': 23104, 'stop_id': 1022, 'stop_name': 1022, 'route': '2', 'destination': 'Salt Lake Central Station', 'scheduled_arrival_time': datetime.time(7, 5), 'actual_arrival_time': datetime.time(6, 57, 54), 'distance_to_stop': 589.3707726711716, 'match_date': datetime.date(2024, 11, 4)}
2024-04-21 02:43:24,223 - root - INFO - Match Found! {'vehicle_id': 23104, 'stop_id': 1022, 'stop_name': 1022, 'route': '2', 'destination': 'Salt Lake Central Station', 'scheduled_arrival_time': datetime.time(7, 6), 'actual_arrival_time': datetime.time(6, 59, 1), 'distance_to_stop': 1204.90905329425, 'match_date': datetime.date(2024, 11, 4)}
2024-04-21 02:43:24,298 - root - INFO - Unique dates found in bus locations data: ['04/11/24']
2024-04-21 02:43:24,298 - root - INFO - Stop interval: 0.0
2024-04-21 02:43:24,299 - root - INFO - Processing matches for date: 2024-11-04
2024-04-21 02:43:24,307 - root - INFO - Unique dates found in bus locations data: ['04/11/24']
2024-04-21 02:43:24,307 - root - INFO - Stop interval: 0.0
2024-04-21 02:43:24,308 - root - INFO - Processing matches for date: 2024-11-04
2024-04-21 02:43:24,317 - root - INFO - Unique dates found in bus locations data: ['04/11/24']
2024-04-21 02:43:24,317 - root - INFO - Stop interval: 30.0
2024-04-21 02:43:24,318 - root - INFO - Processing matches for date: 2024-11-04
2024-04-21 02:43:24,324 - root - INFO - Match Found! {'vehicle_id': 15002, 'stop_id': 1024, 'stop_name': 1024, 'route': '1', 'destination': 'University Hospital', 'scheduled_arrival_time': datetime.time(5, 55), 'actual_arrival_time': datetime.time(6, 0, 13), 'distance_to_stop': 177.09434027190258, 'match_date': datetime.date(2024, 11, 4)}
2024-04-21 02:43:24,331 - root - INFO - Match Found! {'vehicle_id': 15021, 'stop_id': 1024, 'stop_name': 1024, 'route': '1', 'destination': 'Poplar Grove (Orange St)', 'scheduled_arrival_time': datetime.time(6, 20), 'actual_arrival_time': datetime.time(6, 26, 27), 'distance_to_stop': 6.136661166011227, 'match_date': datetime.date(2024, 11, 4)}
2024-04-21 02:43:24,339 - root - INFO - Match Found! {'vehicle_id': 15021, 'stop_id': 1024, 'stop_name': 1024, 'route': '1', 'destination': 'Poplar Grove (Orange St)', 'scheduled_arrival_time': datetime.time(6, 25), 'actual_arrival_time': datetime.time(6, 27, 34), 'distance_to_stop': 71.55031397345098, 'match_date': datetime.date(2024, 11, 4)}
2024-04-21 02:43:24,346 - root - INFO - Match Found! {'vehicle_id': 13008, 'stop_id': 1024, 'stop_name': 1024, 'route': '1', 'destination': 'University Hospital', 'scheduled_arrival_time': datetime.time(6, 35), 'actual_arrival_time': datetime.time(6, 34, 18), 'distance_to_stop': 119.32152770516849, 'match_date': datetime.date(2024, 11, 4)}
2024-04-21 02:43:24,354 - root - INFO - Match Found! {'vehicle_id': 15001, 'stop_id': 1024, 'stop_name': 1024, 'route': '1', 'destination': 'Poplar Grove (Orange St)', 'scheduled_arrival_time': datetime.time(6, 50), 'actual_arrival_time': datetime.time(6, 56, 46), 'distance_to_stop': 4.933559324645197, 'match_date': datetime.date(2024, 11, 4)}
2024-04-21 02:43:24,361 - root - INFO - Match Found! {'vehicle_id': 15003, 'stop_id': 1024, 'stop_name': 1024, 'route': '1', 'destination': 'University Hospital', 'scheduled_arrival_time': datetime.time(6, 55), 'actual_arrival_time': datetime.time(6, 51, 9), 'distance_to_stop': 83.10227676570747, 'match_date': datetime.date(2024, 11, 4)}
2024-04-21 02:43:24,365 - root - INFO - Match Found! {'vehicle_id': 15001, 'stop_id': 1024, 'stop_name': 1024, 'route': '1', 'destination': 'Poplar Grove (Orange St)', 'scheduled_arrival_time': datetime.time(7, 5), 'actual_arrival_time': datetime.time(6, 57, 53), 'distance_to_stop': 154.75941143299545, 'match_date': datetime.date(2024, 11, 4)}
2024-04-21 02:43:24,430 - root - INFO - Unique dates found in bus locations data: ['04/11/24']
2024-04-21 02:43:24,430 - root - INFO - Stop interval: -27.383333333333333
2024-04-21 02:43:24,431 - root - INFO - Processing matches for date: 2024-11-04
2024-04-21 02:43:24,438 - root - INFO - Match Found! {'vehicle_id': 24008, 'stop_id': 1024, 'stop_name': 1024, 'route': '205', 'destination': 'Poplar Grove (400 S + Redwood Rd)', 'scheduled_arrival_time': datetime.time(6, 42, 39), 'actual_arrival_time': datetime.time(6, 43, 19), 'distance_to_stop': 56.75630257813875, 'match_date': datetime.date(2024, 11, 4)}
2024-04-21 02:43:24,444 - root - INFO - Match Found! {'vehicle_id': 24008, 'stop_id': 1024, 'stop_name': 1024, 'route': '205', 'destination': 'Poplar Grove (400 S + Redwood Rd)', 'scheduled_arrival_time': datetime.time(6, 48, 39), 'actual_arrival_time': datetime.time(6, 44, 27), 'distance_to_stop': 268.00173628142676, 'match_date': datetime.date(2024, 11, 4)}
2024-04-21 02:43:24,477 - root - INFO - Unique dates found in bus locations data: ['04/11/24']
2024-04-21 02:43:24,477 - root - INFO - Stop interval: 54.0
2024-04-21 02:43:24,478 - root - INFO - Processing matches for date: 2024-11-04
2024-04-21 02:43:24,533 - root - INFO - Unique dates found in bus locations data: ['04/11/24']
2024-04-21 02:43:24,533 - root - INFO - Stop interval: 1.6166666666666667
2024-04-21 02:43:24,535 - root - INFO - Processing matches for date: 2024-11-04
2024-04-21 02:43:24,590 - root - INFO - Unique dates found in bus locations data: ['04/11/24']
2024-04-21 02:43:24,590 - root - INFO - Stop interval: 9.0
2024-04-21 02:43:24,591 - root - INFO - Processing matches for date: 2024-11-04
2024-04-21 02:43:24,648 - root - INFO - Unique dates found in bus locations data: ['04/11/24']
2024-04-21 02:43:24,648 - root - INFO - Stop interval: 24.833333333333332
2024-04-21 02:43:24,649 - root - INFO - Processing matches for date: 2024-11-04
2024-04-21 02:43:24,708 - root - INFO - Unique dates found in bus locations data: ['04/11/24']
2024-04-21 02:43:24,708 - root - INFO - Stop interval: -17.0
2024-04-21 02:43:24,709 - root - INFO - Processing matches for date: 2024-11-04
2024-04-21 02:43:24,764 - root - INFO - Unique dates found in bus locations data: ['04/11/24']
2024-04-21 02:43:24,764 - root - INFO - Stop interval: 0.0
2024-04-21 02:43:24,765 - root - INFO - Processing matches for date: 2024-11-04
2024-04-21 02:43:24,815 - root - INFO - Unique dates found in bus locations data: ['04/11/24']
2024-04-21 02:43:24,816 - root - INFO - Stop interval: 32.05
2024-04-21 02:43:24,816 - root - INFO - Processing matches for date: 2024-11-04
2024-04-21 02:43:24,869 - root - INFO - Unique dates found in bus locations data: ['04/11/24']
2024-04-21 02:43:24,869 - root - INFO - Stop interval: 7.458333333333333
2024-04-21 02:43:24,870 - root - INFO - Processing matches for date: 2024-11-04
2024-04-21 02:43:24,921 - root - INFO - Unique dates found in bus locations data: ['04/11/24']
2024-04-21 02:43:24,921 - root - INFO - Stop interval: -17.175
2024-04-21 02:43:24,922 - root - INFO - Processing matches for date: 2024-11-04
2024-04-21 02:43:24,973 - root - INFO - Unique dates found in bus locations data: ['04/11/24']
2024-04-21 02:43:24,973 - root - INFO - Stop interval: 40.88333333333333
2024-04-21 02:43:24,974 - root - INFO - Processing matches for date: 2024-11-04
2024-04-21 02:43:25,024 - root - INFO - Unique dates found in bus locations data: ['04/11/24']
2024-04-21 02:43:25,024 - root - INFO - Stop interval: 30.0
2024-04-21 02:43:25,025 - root - INFO - Processing matches for date: 2024-11-04
2024-04-21 02:43:25,030 - root - INFO - Match Found! {'vehicle_id': 24011, 'stop_id': 1253, 'stop_name': 1253, 'route': '509', 'destination': 'Salt Lake Central Station', 'scheduled_arrival_time': datetime.time(6, 5), 'actual_arrival_time': datetime.time(6, 4, 5), 'distance_to_stop': 10.656430256644956, 'match_date': datetime.date(2024, 11, 4)}
2024-04-21 02:43:25,035 - root - INFO - Match Found! {'vehicle_id': 18023, 'stop_id': 1253, 'stop_name': 1253, 'route': '509', 'destination': 'West Valley Central Station', 'scheduled_arrival_time': datetime.time(6, 35), 'actual_arrival_time': datetime.time(6, 28, 47), 'distance_to_stop': 120.06401850893859, 'match_date': datetime.date(2024, 11, 4)}
2024-04-21 02:43:25,038 - root - INFO - Match Found! {'vehicle_id': 24011, 'stop_id': 1253, 'stop_name': 1253, 'route': '509', 'destination': 'West Valley Central Station', 'scheduled_arrival_time': datetime.time(7, 5), 'actual_arrival_time': datetime.time(6, 57, 59), 'distance_to_stop': 139.9706712256518, 'match_date': datetime.date(2024, 11, 4)}
2024-04-21 02:43:25,060 - root - INFO - Unique dates found in bus locations data: ['04/11/24']
2024-04-21 02:43:25,060 - root - INFO - Stop interval: 631.0
2024-04-21 02:43:25,061 - root - INFO - Processing matches for date: 2024-11-04
2024-04-21 02:43:25,064 - root - INFO - Unique dates found in bus locations data: ['04/11/24']
2024-04-21 02:43:25,064 - root - INFO - Stop interval: -5.0
2024-04-21 02:43:25,064 - root - INFO - Processing matches for date: 2024-11-04
2024-04-21 02:43:25,106 - root - INFO - Unique dates found in bus locations data: ['04/11/24']
2024-04-21 02:43:25,106 - root - INFO - Stop interval: -0.5
2024-04-21 02:43:25,107 - root - INFO - Processing matches for date: 2024-11-04
2024-04-21 02:43:25,157 - root - INFO - Unique dates found in bus locations data: ['04/11/24']
2024-04-21 02:43:25,157 - root - INFO - Stop interval: 10.0
2024-04-21 02:43:25,158 - root - INFO - Processing matches for date: 2024-11-04
2024-04-21 02:43:25,203 - root - INFO - Unique dates found in bus locations data: ['04/11/24']
2024-04-21 02:43:25,203 - root - INFO - Stop interval: -61.63333333333333
2024-04-21 02:43:25,204 - root - INFO - Processing matches for date: 2024-11-04
2024-04-21 02:43:25,251 - root - INFO - Unique dates found in bus locations data: ['04/11/24']
2024-04-21 02:43:25,251 - root - INFO - Stop interval: 82.0
2024-04-21 02:43:25,252 - root - INFO - Processing matches for date: 2024-11-04
2024-04-21 02:43:25,255 - root - INFO - Match Found! {'vehicle_id': 19005, 'stop_id': 1760, 'stop_name': 1760, 'route': '223', 'destination': 'North Temple Station', 'scheduled_arrival_time': datetime.time(6, 58), 'actual_arrival_time': datetime.time(6, 45, 36), 'distance_to_stop': 21.555255502135083, 'match_date': datetime.date(2024, 11, 4)}
2024-04-21 02:43:25,259 - root - INFO - Match Found! {'vehicle_id': 19005, 'stop_id': 1760, 'stop_name': 1760, 'route': '223', 'destination': 'North Temple Station', 'scheduled_arrival_time': datetime.time(7, 2), 'actual_arrival_time': datetime.time(6, 47, 51), 'distance_to_stop': 1390.878343640112, 'match_date': datetime.date(2024, 11, 4)}
2024-04-21 02:43:25,276 - root - INFO - Unique dates found in bus locations data: ['04/11/24']
2024-04-21 02:43:25,276 - root - INFO - Stop interval: 57.483333333333334
2024-04-21 02:43:25,276 - root - INFO - Processing matches for date: 2024-11-04
2024-04-21 02:43:25,315 - root - INFO - Unique dates found in bus locations data: ['04/11/24']
2024-04-21 02:43:25,316 - root - INFO - Stop interval: 60.0
2024-04-21 02:43:25,316 - root - INFO - Processing matches for date: 2024-11-04
2024-04-21 02:43:25,353 - root - INFO - Unique dates found in bus locations data: ['04/11/24']
2024-04-21 02:43:25,353 - root - INFO - Stop interval: 60.0
2024-04-21 02:43:25,354 - root - INFO - Processing matches for date: 2024-11-04
2024-04-21 02:43:25,388 - root - INFO - Unique dates found in bus locations data: ['04/11/24']
2024-04-21 02:43:25,388 - root - INFO - Stop interval: 18.5
2024-04-21 02:43:25,389 - root - INFO - Processing matches for date: 2024-11-04
2024-04-21 02:43:25,470 - root - INFO - Unique dates found in bus locations data: ['04/11/24']
2024-04-21 02:43:25,470 - root - INFO - Stop interval: -112.01666666666667
2024-04-21 02:43:25,470 - root - INFO - Processing matches for date: 2024-11-04
2024-04-21 02:43:25,473 - root - INFO - Match Found! {'vehicle_id': 19010, 'stop_id': 1844, 'stop_name': 1844, 'route': '223', 'destination': 'North Temple Station', 'scheduled_arrival_time': datetime.time(5, 53, 41), 'actual_arrival_time': datetime.time(6, 0, 40), 'distance_to_stop': 1628.6288508250384, 'match_date': datetime.date(2024, 11, 4)}
2024-04-21 02:43:25,475 - root - INFO - Match Found! {'vehicle_id': 19010, 'stop_id': 1844, 'stop_name': 1844, 'route': '223', 'destination': 'North Temple Station', 'scheduled_arrival_time': datetime.time(5, 59, 1), 'actual_arrival_time': datetime.time(6, 1, 48), 'distance_to_stop': 2078.2144875791555, 'match_date': datetime.date(2024, 11, 4)}
2024-04-21 02:43:25,479 - root - INFO - Match Found! {'vehicle_id': 19005, 'stop_id': 1844, 'stop_name': 1844, 'route': '223', 'destination': 'North Temple Station', 'scheduled_arrival_time': datetime.time(6, 53, 41), 'actual_arrival_time': datetime.time(6, 54, 36), 'distance_to_stop': 1.3482590940024484, 'match_date': datetime.date(2024, 11, 4)}
2024-04-21 02:43:25,482 - root - INFO - Match Found! {'vehicle_id': 20007, 'stop_id': 1844, 'stop_name': 1844, 'route': '223', 'destination': 'Holladay (Cottonwood Corporate Center)', 'scheduled_arrival_time': datetime.time(6, 59, 40), 'actual_arrival_time': datetime.time(6, 59, 4), 'distance_to_stop': 78.58692278227937, 'match_date': datetime.date(2024, 11, 4)}
2024-04-21 02:43:25,496 - root - INFO - Unique dates found in bus locations data: ['04/11/24']
2024-04-21 02:43:25,497 - root - INFO - Stop interval: 25.0
2024-04-21 02:43:25,497 - root - INFO - Processing matches for date: 2024-11-04
2024-04-21 02:43:25,575 - root - INFO - Unique dates found in bus locations data: ['04/11/24']
2024-04-21 02:43:25,575 - root - INFO - Stop interval: -65.58333333333333
2024-04-21 02:43:25,576 - root - INFO - Processing matches for date: 2024-11-04
2024-04-21 02:43:25,580 - root - INFO - Match Found! {'vehicle_id': 20007, 'stop_id': 1849, 'stop_name': 1849, 'route': '223', 'destination': 'Holladay (Cottonwood Corporate Center)', 'scheduled_arrival_time': datetime.time(6, 52, 44), 'actual_arrival_time': datetime.time(6, 59, 4), 'distance_to_stop': 9.281708081421874, 'match_date': datetime.date(2024, 11, 4)}
2024-04-21 02:43:25,583 - root - INFO - Match Found! {'vehicle_id': 19005, 'stop_id': 1849, 'stop_name': 1849, 'route': '223', 'destination': 'North Temple Station', 'scheduled_arrival_time': datetime.time(6, 56, 19), 'actual_arrival_time': datetime.time(6, 54, 36), 'distance_to_stop': 69.63469556507658, 'match_date': datetime.date(2024, 11, 4)}
2024-04-21 02:43:25,599 - root - INFO - Unique dates found in bus locations data: ['04/11/24']
2024-04-21 02:43:25,600 - root - INFO - Stop interval: 30.0
2024-04-21 02:43:25,600 - root - INFO - Processing matches for date: 2024-11-04
