2024-04-21 02:02:25,285 - root - INFO - Logger setup complete with file logging
2024-04-21 02:02:26,916 - root - INFO - Start clenaing times
2024-04-21 02:02:43,401 - root - INFO - Stop cleanign times
2024-04-21 02:02:43,401 - root - INFO - Starting merges
2024-04-21 02:02:43,403 - root - INFO -        route_id service_id  trip_id     trip_headsign  trip_short_name  direction_id  block_id  shape_id  wheelchair_accessible  bikes_allowed route_short_name
0         19930    293.0.2  5307112             Ogden              NaN             0   1167267    230484                      1              1              470
1         19930    293.0.2  5307113             Ogden              NaN             0   1167263    230484                      1              1              470
2         19930    293.0.2  5307114             Ogden              NaN             0   1167261    230484                      1              1              470
3         19930    293.0.2  5307115             Ogden              NaN             0   1167260    230484                      1              1              470
4         19930    293.0.2  5307116             Ogden              NaN             0   1167266    230484                      1              1              470
...         ...        ...      ...               ...              ...           ...       ...       ...                    ...            ...              ...
10396     93045    293.0.4  5327281  Olympus Cove P+R              NaN             1   1168860    231438                      1              1               39
10397     93045    293.0.4  5327282  Olympus Cove P+R              NaN             1   1168862    231438                      1              1               39
10398     93045    293.0.4  5327283  Olympus Cove P+R              NaN             1   1168859    231438                      1              1               39
10399     93045    293.0.4  5327284  Olympus Cove P+R              NaN             1   1168861    231438                      1              1               39
10400     93045    293.0.4  5327285  Olympus Cove P+R              NaN             1   1168860    231438                      1              1               39

[10401 rows x 11 columns]
2024-04-21 02:02:43,478 - root - INFO -         route_id service_id  trip_id     trip_headsign  trip_short_name  direction_id  block_id  shape_id  wheelchair_accessible  bikes_allowed route_short_name arrival_time  stop_id
0          19930    293.0.2  5307112             Ogden              NaN             0   1167267    230484                      1              1              470     05:45:00     5502
1          19930    293.0.2  5307112             Ogden              NaN             0   1167267    230484                      1              1              470     05:46:05    13095
2          19930    293.0.2  5307112             Ogden              NaN             0   1167267    230484                      1              1              470     05:47:00     5504
3          19930    293.0.2  5307112             Ogden              NaN             0   1167267    230484                      1              1              470     05:47:31    13192
4          19930    293.0.2  5307112             Ogden              NaN             0   1167267    230484                      1              1              470     05:48:43    21929
...          ...        ...      ...               ...              ...           ...       ...       ...                    ...            ...              ...          ...      ...
442713     93045    293.0.4  5327285  Olympus Cove P+R              NaN             1   1168860    231438                      1              1               39     00:37:41    18677
442714     93045    293.0.4  5327285  Olympus Cove P+R              NaN             1   1168860    231438                      1              1               39     00:38:09    17526
442715     93045    293.0.4  5327285  Olympus Cove P+R              NaN             1   1168860    231438                      1              1               39     00:39:00    17527
442716     93045    293.0.4  5327285  Olympus Cove P+R              NaN             1   1168860    231438                      1              1               39     00:40:06    23916
442717     93045    293.0.4  5327285  Olympus Cove P+R              NaN             1   1168860    231438                      1              1               39     00:41:00    22257

[442718 rows x 13 columns]
2024-04-21 02:02:43,558 - root - INFO -         route_id service_id  trip_id     trip_headsign  trip_short_name  direction_id  block_id  shape_id  wheelchair_accessible  bikes_allowed route_short_name arrival_time  stop_id                     stop_name   stop_lat    stop_lon
0          19930    293.0.2  5307112             Ogden              NaN             0   1167267    230484                      1              1              470     05:45:00     5502         State St / 400 S (NB)  40.761431 -111.888044
1          19930    293.0.2  5307112             Ogden              NaN             0   1167267    230484                      1              1              470     05:46:05    13095         State St / 300 S (NB)  40.763556 -111.888072
2          19930    293.0.2  5307112             Ogden              NaN             0   1167267    230484                      1              1              470     05:47:00     5504         State St / 150 S (NB)  40.765870 -111.888062
3          19930    293.0.2  5307112             Ogden              NaN             0   1167267    230484                      1              1              470     05:47:31    13192          State St / 50 S (NB)  40.767803 -111.888086
4          19930    293.0.2  5307112             Ogden              NaN             0   1167267    230484                      1              1              470     05:48:43    21929  North Temple / State St (WB)  40.771666 -111.889348
...          ...        ...      ...               ...              ...           ...       ...       ...                    ...            ...              ...          ...      ...                           ...        ...         ...
442713     93045    293.0.4  5327285  Olympus Cove P+R              NaN             1   1168860    231438                      1              1               39     00:37:41    18677               3900 S @ 2858 E  40.686947 -111.811339
442714     93045    293.0.4  5327285  Olympus Cove P+R              NaN             1   1168860    231438                      1              1               39     00:38:09    17526               3900 S @ 2944 E  40.686960 -111.809064
442715     93045    293.0.4  5327285  Olympus Cove P+R              NaN             1   1168860    231438                      1              1               39     00:39:00    17527               3900 S @ 3080 E  40.686988 -111.805040
442716     93045    293.0.4  5327285  Olympus Cove P+R              NaN             1   1168860    231438                      1              1               39     00:40:06    23916               3900 S @ 3290 E  40.686964 -111.799829
442717     93045    293.0.4  5327285  Olympus Cove P+R              NaN             1   1168860    231438                      1              1               39     00:41:00    22257      Olympus Cove P+R (Bay E)  40.687589 -111.796633

[442718 rows x 16 columns]
2024-04-21 02:02:43,691 - root - INFO -         stop_id route_short_name        stop_name           trip_headsign   stop_lat    stop_lon arrival_time
256491      391              240  4015 W @ 4878 S   Jordan Valley Station  40.663345 -111.987053     05:32:21
37000       391              240  4015 W @ 4878 S   Jordan Valley Station  40.663345 -111.987053     05:40:21
256547      391              240  4015 W @ 4878 S   Jordan Valley Station  40.663345 -111.987053     06:02:21
256603      391              240  4015 W @ 4878 S   Jordan Valley Station  40.663345 -111.987053     06:34:21
37056       391              240  4015 W @ 4878 S   Jordan Valley Station  40.663345 -111.987053     06:40:21
...         ...              ...              ...                     ...        ...         ...          ...
369363    25451             F578  7800 S / 5471 W  Midvale Center Station  40.609325 -112.020236     19:08:28
369392    25451             F578  7800 S / 5471 W  Midvale Center Station  40.609325 -112.020236     19:38:28
122292    25451             F578  7800 S / 5471 W  Midvale Center Station  40.609325 -112.020236     19:58:28
369421    25451             F578  7800 S / 5471 W  Midvale Center Station  40.609325 -112.020236     20:08:28
369450    25451             F578  7800 S / 5471 W  Midvale Center Station  40.609325 -112.020236     20:38:28

[442718 rows x 7 columns]
2024-04-21 02:02:43,694 - root - INFO - Merges end
2024-04-21 02:02:43,877 - root - INFO - Expected route punctuality:          stop_id route_short_name        stop_name           trip_headsign   stop_lat    stop_lon arrival_time
256491      391              240  4015 W @ 4878 S   Jordan Valley Station  40.663345 -111.987053     05:32:21
37000       391              240  4015 W @ 4878 S   Jordan Valley Station  40.663345 -111.987053     05:40:21
256547      391              240  4015 W @ 4878 S   Jordan Valley Station  40.663345 -111.987053     06:02:21
256603      391              240  4015 W @ 4878 S   Jordan Valley Station  40.663345 -111.987053     06:34:21
37056       391              240  4015 W @ 4878 S   Jordan Valley Station  40.663345 -111.987053     06:40:21
...         ...              ...              ...                     ...        ...         ...          ...
369363    25451             F578  7800 S / 5471 W  Midvale Center Station  40.609325 -112.020236     19:08:28
369392    25451             F578  7800 S / 5471 W  Midvale Center Station  40.609325 -112.020236     19:38:28
122292    25451             F578  7800 S / 5471 W  Midvale Center Station  40.609325 -112.020236     19:58:28
369421    25451             F578  7800 S / 5471 W  Midvale Center Station  40.609325 -112.020236     20:08:28
369450    25451             F578  7800 S / 5471 W  Midvale Center Station  40.609325 -112.020236     20:38:28

[442718 rows x 7 columns]
2024-04-21 02:02:43,945 - root - INFO - Unique dates found in bus locations data: ['04/11/24']
2024-04-21 02:02:43,945 - root - INFO - Processing matches for date: 2024-11-04
2024-04-21 02:02:43,946 - root - INFO - No buses found within the time window for scheduled time: 20:32:21 on route 240 for date 2024-11-04
2024-04-21 02:02:43,947 - root - INFO - No buses found within the time window for scheduled time: 16:41:21 on route 240 for date 2024-11-04
2024-04-21 02:02:43,948 - root - INFO - No buses found within the time window for scheduled time: 07:34:21 on route 240 for date 2024-11-04
2024-04-21 02:02:43,948 - root - INFO - No buses found within the time window for scheduled time: 18:41:21 on route 240 for date 2024-11-04
2024-04-21 02:02:43,949 - root - INFO - No buses found within the time window for scheduled time: 06:40:21 on route 240 for date 2024-11-04
2024-04-21 02:02:43,950 - root - INFO - No buses found within the time window for scheduled time: 21:41:21 on route 240 for date 2024-11-04
2024-04-21 02:02:43,950 - root - INFO - No buses found within the time window for scheduled time: 15:37:41 on route 240 for date 2024-11-04
2024-04-21 02:02:43,951 - root - INFO - No buses found within the time window for scheduled time: 15:41:21 on route 240 for date 2024-11-04
2024-04-21 02:02:43,951 - root - INFO - No buses found within the time window for scheduled time: 13:34:21 on route 240 for date 2024-11-04
2024-04-21 02:02:43,952 - root - INFO - No buses found within the time window for scheduled time: 19:40:21 on route 240 for date 2024-11-04
2024-04-21 02:02:43,953 - root - INFO - No buses found within the time window for scheduled time: 09:03:21 on route 240 for date 2024-11-04
2024-04-21 02:02:43,953 - root - INFO - No buses found within the time window for scheduled time: 08:41:21 on route 240 for date 2024-11-04
2024-04-21 02:02:43,954 - root - INFO - No buses found within the time window for scheduled time: 16:37:41 on route 240 for date 2024-11-04
2024-04-21 02:02:43,954 - root - INFO - No buses found within the time window for scheduled time: 11:33:21 on route 240 for date 2024-11-04
2024-04-21 02:02:43,955 - root - INFO - No buses found within the time window for scheduled time: 07:40:21 on route 240 for date 2024-11-04
2024-04-21 02:02:43,955 - root - INFO - No buses found within the time window for scheduled time: 11:41:21 on route 240 for date 2024-11-04
2024-04-21 02:02:43,957 - root - INFO - No buses found within the time window for scheduled time: 05:40:21 on route 240 for date 2024-11-04
2024-04-21 02:02:43,957 - root - INFO - No buses found within the time window for scheduled time: 06:41:21 on route 240 for date 2024-11-04
2024-04-21 02:02:43,958 - root - INFO - No buses found within the time window for scheduled time: 13:41:21 on route 240 for date 2024-11-04
2024-04-21 02:02:43,959 - root - INFO - No buses found within the time window for scheduled time: 08:34:21 on route 240 for date 2024-11-04
2024-04-21 02:02:43,959 - root - INFO - No buses found within the time window for scheduled time: 16:07:41 on route 240 for date 2024-11-04
2024-04-21 02:02:43,960 - root - INFO - No buses found within the time window for scheduled time: 14:04:21 on route 240 for date 2024-11-04
2024-04-21 02:02:43,960 - root - INFO - No buses found within the time window for scheduled time: 19:41:21 on route 240 for date 2024-11-04
2024-04-21 02:02:43,961 - root - INFO - No buses found within the time window for scheduled time: 07:04:21 on route 240 for date 2024-11-04
2024-04-21 02:02:43,961 - root - INFO - No buses found within the time window for scheduled time: 12:41:21 on route 240 for date 2024-11-04
2024-04-21 02:02:43,961 - root - INFO - No buses found within the time window for scheduled time: 15:07:41 on route 240 for date 2024-11-04
2024-04-21 02:02:43,961 - root - INFO - No buses found within the time window for scheduled time: 21:32:21 on route 240 for date 2024-11-04
2024-04-21 02:02:43,963 - root - INFO - No buses found within the time window for scheduled time: 20:02:21 on route 240 for date 2024-11-04
2024-04-21 02:02:43,964 - root - INFO - No buses found within the time window for scheduled time: 17:37:41 on route 240 for date 2024-11-04
2024-04-21 02:02:43,964 - root - INFO - No buses found within the time window for scheduled time: 06:34:21 on route 240 for date 2024-11-04
2024-04-21 02:02:43,965 - root - INFO - No buses found within the time window for scheduled time: 09:41:21 on route 240 for date 2024-11-04
2024-04-21 02:02:43,965 - root - INFO - No buses found within the time window for scheduled time: 17:41:21 on route 240 for date 2024-11-04
2024-04-21 02:02:43,966 - root - INFO - No buses found within the time window for scheduled time: 10:33:21 on route 240 for date 2024-11-04
2024-04-21 02:02:43,967 - root - INFO - No buses found within the time window for scheduled time: 18:07:41 on route 240 for date 2024-11-04
2024-04-21 02:02:43,967 - root - INFO - No buses found within the time window for scheduled time: 12:34:21 on route 240 for date 2024-11-04
2024-04-21 02:02:43,968 - root - INFO - No buses found within the time window for scheduled time: 20:40:21 on route 240 for date 2024-11-04
2024-04-21 02:02:43,969 - root - INFO - No buses found within the time window for scheduled time: 22:32:21 on route 240 for date 2024-11-04
2024-04-21 02:02:43,969 - root - INFO - No buses found within the time window for scheduled time: 09:33:21 on route 240 for date 2024-11-04
2024-04-21 02:02:43,970 - root - INFO - No buses found within the time window for scheduled time: 06:02:21 on route 240 for date 2024-11-04
2024-04-21 02:02:43,971 - root - INFO - No buses found within the time window for scheduled time: 12:03:21 on route 240 for date 2024-11-04
2024-04-21 02:02:43,971 - root - INFO - No buses found within the time window for scheduled time: 08:04:21 on route 240 for date 2024-11-04
2024-04-21 02:02:43,972 - root - INFO - No buses found within the time window for scheduled time: 18:37:41 on route 240 for date 2024-11-04
2024-04-21 02:02:43,973 - root - INFO - No buses found within the time window for scheduled time: 19:02:21 on route 240 for date 2024-11-04
2024-04-21 02:02:43,973 - root - INFO - No buses found within the time window for scheduled time: 10:03:21 on route 240 for date 2024-11-04
2024-04-21 02:02:43,973 - root - INFO - No buses found within the time window for scheduled time: 20:41:21 on route 240 for date 2024-11-04
2024-04-21 02:02:43,975 - root - INFO - No buses found within the time window for scheduled time: 11:03:21 on route 240 for date 2024-11-04
2024-04-21 02:02:43,975 - root - INFO - No buses found within the time window for scheduled time: 14:37:41 on route 240 for date 2024-11-04
2024-04-21 02:02:43,976 - root - INFO - No buses found within the time window for scheduled time: 17:07:41 on route 240 for date 2024-11-04
2024-04-21 02:02:43,977 - root - INFO - No buses found within the time window for scheduled time: 13:04:21 on route 240 for date 2024-11-04
2024-04-21 02:02:43,977 - root - INFO - No buses found within the time window for scheduled time: 19:32:21 on route 240 for date 2024-11-04
2024-04-21 02:02:43,978 - root - INFO - No buses found within the time window for scheduled time: 07:41:21 on route 240 for date 2024-11-04
2024-04-21 02:02:43,978 - root - INFO - No buses found within the time window for scheduled time: 10:41:21 on route 240 for date 2024-11-04
2024-04-21 02:02:43,979 - root - INFO - No buses found within the time window for scheduled time: 14:41:21 on route 240 for date 2024-11-04
2024-04-21 02:02:43,979 - root - INFO - No buses found within the time window for scheduled time: 21:02:21 on route 240 for date 2024-11-04
2024-04-21 02:02:43,980 - root - INFO - No buses found within the time window for scheduled time: 05:32:21 on route 240 for date 2024-11-04
2024-04-21 02:02:43,980 - root - INFO - Unique dates found in bus locations data: ['04/11/24']
2024-04-21 02:02:43,981 - root - INFO - Processing matches for date: 2024-11-04
2024-04-21 02:02:43,982 - root - INFO - No buses found within the time window for scheduled time: 10:34:03 on route 240 for date 2024-11-04
2024-04-21 02:02:43,982 - root - INFO - No buses found within the time window for scheduled time: 05:33:03 on route 240 for date 2024-11-04
2024-04-21 02:02:43,983 - root - INFO - No buses found within the time window for scheduled time: 06:35:03 on route 240 for date 2024-11-04
2024-04-21 02:02:43,983 - root - INFO - No buses found within the time window for scheduled time: 11:42:03 on route 240 for date 2024-11-04
2024-04-21 02:02:43,984 - root - INFO - No buses found within the time window for scheduled time: 21:03:03 on route 240 for date 2024-11-04
2024-04-21 02:02:43,984 - root - INFO - No buses found within the time window for scheduled time: 19:41:03 on route 240 for date 2024-11-04
2024-04-21 02:02:43,985 - root - INFO - No buses found within the time window for scheduled time: 16:08:34 on route 240 for date 2024-11-04
2024-04-21 02:02:43,986 - root - INFO - No buses found within the time window for scheduled time: 06:41:03 on route 240 for date 2024-11-04
2024-04-21 02:02:43,986 - root - INFO - No buses found within the time window for scheduled time: 15:08:34 on route 240 for date 2024-11-04
2024-04-21 02:02:43,987 - root - INFO - No buses found within the time window for scheduled time: 07:05:03 on route 240 for date 2024-11-04
2024-04-21 02:02:43,987 - root - INFO - No buses found within the time window for scheduled time: 09:04:03 on route 240 for date 2024-11-04
2024-04-21 02:02:43,988 - root - INFO - No buses found within the time window for scheduled time: 11:34:03 on route 240 for date 2024-11-04
2024-04-21 02:02:43,989 - root - INFO - No buses found within the time window for scheduled time: 16:42:03 on route 240 for date 2024-11-04
2024-04-21 02:02:43,989 - root - INFO - No buses found within the time window for scheduled time: 08:05:03 on route 240 for date 2024-11-04
2024-04-21 02:02:43,990 - root - INFO - No buses found within the time window for scheduled time: 10:42:03 on route 240 for date 2024-11-04
2024-04-21 02:02:43,991 - root - INFO - No buses found within the time window for scheduled time: 22:33:03 on route 240 for date 2024-11-04
2024-04-21 02:02:43,992 - root - INFO - No buses found within the time window for scheduled time: 17:42:03 on route 240 for date 2024-11-04
2024-04-21 02:02:43,992 - root - INFO - No buses found within the time window for scheduled time: 14:38:34 on route 240 for date 2024-11-04
2024-04-21 02:02:43,993 - root - INFO - No buses found within the time window for scheduled time: 07:42:03 on route 240 for date 2024-11-04
2024-04-21 02:02:43,993 - root - INFO - No buses found within the time window for scheduled time: 18:08:34 on route 240 for date 2024-11-04
2024-04-21 02:02:43,994 - root - INFO - No buses found within the time window for scheduled time: 20:03:03 on route 240 for date 2024-11-04
2024-04-21 02:02:43,994 - root - INFO - No buses found within the time window for scheduled time: 15:38:34 on route 240 for date 2024-11-04
2024-04-21 02:02:43,995 - root - INFO - No buses found within the time window for scheduled time: 07:41:03 on route 240 for date 2024-11-04
2024-04-21 02:02:43,995 - root - INFO - No buses found within the time window for scheduled time: 21:33:03 on route 240 for date 2024-11-04
2024-04-21 02:02:43,996 - root - INFO - No buses found within the time window for scheduled time: 13:05:03 on route 240 for date 2024-11-04
2024-04-21 02:02:43,997 - root - INFO - No buses found within the time window for scheduled time: 08:35:03 on route 240 for date 2024-11-04
2024-04-21 02:02:43,997 - root - INFO - No buses found within the time window for scheduled time: 14:05:03 on route 240 for date 2024-11-04
2024-04-21 02:02:43,998 - root - INFO - No buses found within the time window for scheduled time: 06:03:03 on route 240 for date 2024-11-04
2024-04-21 02:02:43,999 - root - INFO - No buses found within the time window for scheduled time: 21:42:03 on route 240 for date 2024-11-04
2024-04-21 02:02:43,999 - root - INFO - No buses found within the time window for scheduled time: 11:04:03 on route 240 for date 2024-11-04
2024-04-21 02:02:44,000 - root - INFO - No buses found within the time window for scheduled time: 10:04:03 on route 240 for date 2024-11-04
2024-04-21 02:02:44,000 - root - INFO - No buses found within the time window for scheduled time: 13:35:03 on route 240 for date 2024-11-04
2024-04-21 02:02:44,001 - root - INFO - No buses found within the time window for scheduled time: 06:42:03 on route 240 for date 2024-11-04
2024-04-21 02:02:44,001 - root - INFO - No buses found within the time window for scheduled time: 12:42:03 on route 240 for date 2024-11-04
2024-04-21 02:02:44,002 - root - INFO - No buses found within the time window for scheduled time: 20:42:03 on route 240 for date 2024-11-04
2024-04-21 02:02:44,003 - root - INFO - No buses found within the time window for scheduled time: 09:42:03 on route 240 for date 2024-11-04
2024-04-21 02:02:44,003 - root - INFO - No buses found within the time window for scheduled time: 20:33:03 on route 240 for date 2024-11-04
2024-04-21 02:02:44,005 - root - INFO - No buses found within the time window for scheduled time: 13:42:03 on route 240 for date 2024-11-04
2024-04-21 02:02:44,005 - root - INFO - No buses found within the time window for scheduled time: 16:38:34 on route 240 for date 2024-11-04
2024-04-21 02:02:44,006 - root - INFO - No buses found within the time window for scheduled time: 12:04:03 on route 240 for date 2024-11-04
2024-04-21 02:02:44,007 - root - INFO - No buses found within the time window for scheduled time: 05:41:03 on route 240 for date 2024-11-04
2024-04-21 02:02:44,007 - root - INFO - No buses found within the time window for scheduled time: 14:42:03 on route 240 for date 2024-11-04
2024-04-21 02:02:44,008 - root - INFO - No buses found within the time window for scheduled time: 20:41:03 on route 240 for date 2024-11-04
2024-04-21 02:02:44,008 - root - INFO - No buses found within the time window for scheduled time: 19:33:03 on route 240 for date 2024-11-04
2024-04-21 02:02:44,009 - root - INFO - No buses found within the time window for scheduled time: 19:03:03 on route 240 for date 2024-11-04
2024-04-21 02:02:44,010 - root - INFO - No buses found within the time window for scheduled time: 07:35:03 on route 240 for date 2024-11-04
2024-04-21 02:02:44,010 - root - INFO - No buses found within the time window for scheduled time: 08:42:03 on route 240 for date 2024-11-04
2024-04-21 02:02:44,011 - root - INFO - No buses found within the time window for scheduled time: 19:42:03 on route 240 for date 2024-11-04
2024-04-21 02:02:44,012 - root - INFO - No buses found within the time window for scheduled time: 17:08:34 on route 240 for date 2024-11-04
2024-04-21 02:02:44,012 - root - INFO - No buses found within the time window for scheduled time: 12:35:03 on route 240 for date 2024-11-04
2024-04-21 02:02:44,012 - root - INFO - No buses found within the time window for scheduled time: 15:42:03 on route 240 for date 2024-11-04
2024-04-21 02:02:44,013 - root - INFO - No buses found within the time window for scheduled time: 18:42:03 on route 240 for date 2024-11-04
2024-04-21 02:02:44,014 - root - INFO - No buses found within the time window for scheduled time: 17:38:34 on route 240 for date 2024-11-04
2024-04-21 02:02:44,014 - root - INFO - No buses found within the time window for scheduled time: 18:38:34 on route 240 for date 2024-11-04
2024-04-21 02:02:44,015 - root - INFO - No buses found within the time window for scheduled time: 09:34:03 on route 240 for date 2024-11-04
2024-04-21 02:02:44,015 - root - INFO - Unique dates found in bus locations data: ['04/11/24']
2024-04-21 02:02:44,016 - root - INFO - Processing matches for date: 2024-11-04
2024-04-21 02:02:44,017 - root - INFO - No buses found within the time window for scheduled time: 11:20:20 on route 227 for date 2024-11-04
2024-04-21 02:02:44,017 - root - INFO - No buses found within the time window for scheduled time: 14:20:20 on route 227 for date 2024-11-04
2024-04-21 02:02:44,018 - root - INFO - No buses found within the time window for scheduled time: 06:20:20 on route 227 for date 2024-11-04
2024-04-21 02:02:44,018 - root - INFO - No buses found within the time window for scheduled time: 09:20:20 on route 227 for date 2024-11-04
2024-04-21 02:02:44,019 - root - INFO - No buses found within the time window for scheduled time: 18:20:27 on route 227 for date 2024-11-04
2024-04-21 02:02:44,019 - root - INFO - No buses found within the time window for scheduled time: 07:20:20 on route 227 for date 2024-11-04
2024-04-21 02:02:44,020 - root - INFO - No buses found within the time window for scheduled time: 13:20:20 on route 227 for date 2024-11-04
2024-04-21 02:02:44,021 - root - INFO - No buses found within the time window for scheduled time: 16:20:27 on route 227 for date 2024-11-04
2024-04-21 02:02:44,021 - root - INFO - No buses found within the time window for scheduled time: 10:20:20 on route 227 for date 2024-11-04
2024-04-21 02:02:44,022 - root - INFO - No buses found within the time window for scheduled time: 08:20:20 on route 227 for date 2024-11-04
2024-04-21 02:02:44,023 - root - INFO - No buses found within the time window for scheduled time: 12:20:20 on route 227 for date 2024-11-04
2024-04-21 02:02:44,024 - root - INFO - No buses found within the time window for scheduled time: 15:20:20 on route 227 for date 2024-11-04
2024-04-21 02:02:44,024 - root - INFO - No buses found within the time window for scheduled time: 17:20:34 on route 227 for date 2024-11-04
2024-04-21 02:02:44,025 - root - INFO - Unique dates found in bus locations data: ['04/11/24']
2024-04-21 02:02:44,025 - root - INFO - Processing matches for date: 2024-11-04
2024-04-21 02:02:44,026 - root - INFO - No buses found within the time window for scheduled time: 08:26:36 on route 39 for date 2024-11-04
2024-04-21 02:02:44,027 - root - INFO - No buses found within the time window for scheduled time: 07:56:36 on route 39 for date 2024-11-04
2024-04-21 02:02:44,027 - root - INFO - No buses found within the time window for scheduled time: 10:52:32 on route 39 for date 2024-11-04
2024-04-21 02:02:44,028 - root - INFO - No buses found within the time window for scheduled time: 21:31:32 on route 39 for date 2024-11-04
2024-04-21 02:02:44,029 - root - INFO - No buses found within the time window for scheduled time: 06:22:32 on route 39 for date 2024-11-04
2024-04-21 02:02:44,029 - root - INFO - No buses found within the time window for scheduled time: 16:22:36 on route 39 for date 2024-11-04
2024-04-21 02:02:44,030 - root - INFO - No buses found within the time window for scheduled time: 15:27:36 on route 39 for date 2024-11-04
2024-04-21 02:02:44,031 - root - INFO - No buses found within the time window for scheduled time: 21:23:32 on route 39 for date 2024-11-04
2024-04-21 02:02:44,031 - root - INFO - No buses found within the time window for scheduled time: 10:22:32 on route 39 for date 2024-11-04
2024-04-21 02:02:44,032 - root - INFO - No buses found within the time window for scheduled time: 10:00:32 on route 39 for date 2024-11-04
2024-04-21 02:02:44,032 - root - INFO - No buses found within the time window for scheduled time: 17:22:36 on route 39 for date 2024-11-04
2024-04-21 02:02:44,032 - root - INFO - No buses found within the time window for scheduled time: 15:21:36 on route 39 for date 2024-11-04
2024-04-21 02:02:44,033 - root - INFO - No buses found within the time window for scheduled time: 05:32:32 on route 39 for date 2024-11-04
2024-04-21 02:02:44,034 - root - INFO - No buses found within the time window for scheduled time: 14:21:36 on route 39 for date 2024-11-04
2024-04-21 02:02:44,034 - root - INFO - No buses found within the time window for scheduled time: 16:27:36 on route 39 for date 2024-11-04
2024-04-21 02:02:44,035 - root - INFO - No buses found within the time window for scheduled time: 20:31:32 on route 39 for date 2024-11-04
2024-04-21 02:02:44,036 - root - INFO - No buses found within the time window for scheduled time: 11:52:32 on route 39 for date 2024-11-04
2024-04-21 02:02:44,036 - root - INFO - No buses found within the time window for scheduled time: 18:53:32 on route 39 for date 2024-11-04
2024-04-21 02:02:44,037 - root - INFO - No buses found within the time window for scheduled time: 18:23:32 on route 39 for date 2024-11-04
2024-04-21 02:02:44,037 - root - INFO - No buses found within the time window for scheduled time: 06:52:32 on route 39 for date 2024-11-04
2024-04-21 02:02:44,038 - root - INFO - No buses found within the time window for scheduled time: 08:52:32 on route 39 for date 2024-11-04
2024-04-21 02:02:44,039 - root - INFO - No buses found within the time window for scheduled time: 20:01:32 on route 39 for date 2024-11-04
2024-04-21 02:02:44,039 - root - INFO - No buses found within the time window for scheduled time: 16:21:36 on route 39 for date 2024-11-04
2024-04-21 02:02:44,040 - root - INFO - No buses found within the time window for scheduled time: 18:31:32 on route 39 for date 2024-11-04
2024-04-21 02:02:44,040 - root - INFO - No buses found within the time window for scheduled time: 06:56:36 on route 39 for date 2024-11-04
2024-04-21 02:02:44,041 - root - INFO - No buses found within the time window for scheduled time: 14:57:36 on route 39 for date 2024-11-04
2024-04-21 02:02:44,041 - root - INFO - No buses found within the time window for scheduled time: 13:22:32 on route 39 for date 2024-11-04
2024-04-21 02:02:44,043 - root - INFO - No buses found within the time window for scheduled time: 16:52:36 on route 39 for date 2024-11-04
2024-04-21 02:02:44,043 - root - INFO - No buses found within the time window for scheduled time: 09:52:32 on route 39 for date 2024-11-04
2024-04-21 02:02:44,044 - root - INFO - No buses found within the time window for scheduled time: 05:52:32 on route 39 for date 2024-11-04
2024-04-21 02:02:44,044 - root - INFO - No buses found within the time window for scheduled time: 15:57:36 on route 39 for date 2024-11-04
2024-04-21 02:02:44,045 - root - INFO - No buses found within the time window for scheduled time: 14:52:36 on route 39 for date 2024-11-04
2024-04-21 02:02:44,045 - root - INFO - No buses found within the time window for scheduled time: 19:23:32 on route 39 for date 2024-11-04
2024-04-21 02:02:44,046 - root - INFO - No buses found within the time window for scheduled time: 23:31:32 on route 39 for date 2024-11-04
2024-04-21 02:02:44,046 - root - INFO - No buses found within the time window for scheduled time: 12:22:32 on route 39 for date 2024-11-04
2024-04-21 02:02:44,047 - root - INFO - No buses found within the time window for scheduled time: 19:31:32 on route 39 for date 2024-11-04
2024-04-21 02:02:44,047 - root - INFO - No buses found within the time window for scheduled time: 15:22:36 on route 39 for date 2024-11-04
2024-04-21 02:02:44,048 - root - INFO - No buses found within the time window for scheduled time: 11:30:32 on route 39 for date 2024-11-04
2024-04-21 02:02:44,049 - root - INFO - No buses found within the time window for scheduled time: 00:01:32 on route 39 for date 2024-11-04
2024-04-21 02:02:44,049 - root - INFO - No buses found within the time window for scheduled time: 12:28:36 on route 39 for date 2024-11-04
2024-04-21 02:02:44,050 - root - INFO - No buses found within the time window for scheduled time: 08:22:32 on route 39 for date 2024-11-04
2024-04-21 02:02:44,050 - root - INFO - No buses found within the time window for scheduled time: 17:57:36 on route 39 for date 2024-11-04
2024-04-21 02:02:44,051 - root - INFO - No buses found within the time window for scheduled time: 13:58:36 on route 39 for date 2024-11-04
2024-04-21 02:02:44,051 - root - INFO - No buses found within the time window for scheduled time: 14:27:36 on route 39 for date 2024-11-04
2024-04-21 02:02:44,052 - root - INFO - No buses found within the time window for scheduled time: 17:27:36 on route 39 for date 2024-11-04
2024-04-21 02:02:44,053 - root - INFO - No buses found within the time window for scheduled time: 17:52:36 on route 39 for date 2024-11-04
2024-04-21 02:02:44,053 - root - INFO - No buses found within the time window for scheduled time: 11:22:32 on route 39 for date 2024-11-04
2024-04-21 02:02:44,054 - root - INFO - No buses found within the time window for scheduled time: 11:58:36 on route 39 for date 2024-11-04
2024-04-21 02:02:44,055 - root - INFO - No buses found within the time window for scheduled time: 06:02:32 on route 39 for date 2024-11-04
2024-04-21 02:02:44,055 - root - INFO - No buses found within the time window for scheduled time: 04:32:32 on route 39 for date 2024-11-04
2024-04-21 02:02:44,056 - root - INFO - No buses found within the time window for scheduled time: 16:57:36 on route 39 for date 2024-11-04
2024-04-21 02:02:44,056 - root - INFO - No buses found within the time window for scheduled time: 23:01:32 on route 39 for date 2024-11-04
2024-04-21 02:02:44,057 - root - INFO - No buses found within the time window for scheduled time: 19:01:32 on route 39 for date 2024-11-04
2024-04-21 02:02:44,058 - root - INFO - No buses found within the time window for scheduled time: 09:22:32 on route 39 for date 2024-11-04
2024-04-21 02:02:44,058 - root - INFO - No buses found within the time window for scheduled time: 15:52:36 on route 39 for date 2024-11-04
2024-04-21 02:02:44,059 - root - INFO - No buses found within the time window for scheduled time: 22:23:32 on route 39 for date 2024-11-04
2024-04-21 02:02:44,059 - root - INFO - No buses found within the time window for scheduled time: 08:56:36 on route 39 for date 2024-11-04
2024-04-21 02:02:44,060 - root - INFO - No buses found within the time window for scheduled time: 07:52:32 on route 39 for date 2024-11-04
2024-04-21 02:02:44,061 - root - INFO - No buses found within the time window for scheduled time: 11:00:32 on route 39 for date 2024-11-04
2024-04-21 02:02:44,061 - root - INFO - No buses found within the time window for scheduled time: 17:21:36 on route 39 for date 2024-11-04
2024-04-21 02:02:44,062 - root - INFO - No buses found within the time window for scheduled time: 22:31:32 on route 39 for date 2024-11-04
2024-04-21 02:02:44,062 - root - INFO - No buses found within the time window for scheduled time: 06:26:36 on route 39 for date 2024-11-04
2024-04-21 02:02:44,063 - root - INFO - No buses found within the time window for scheduled time: 13:52:36 on route 39 for date 2024-11-04
2024-04-21 02:02:44,063 - root - INFO - No buses found within the time window for scheduled time: 20:23:32 on route 39 for date 2024-11-04
2024-04-21 02:02:44,063 - root - INFO - No buses found within the time window for scheduled time: 09:26:36 on route 39 for date 2024-11-04
2024-04-21 02:02:44,065 - root - INFO - No buses found within the time window for scheduled time: 07:23:36 on route 39 for date 2024-11-04
2024-04-21 02:02:44,066 - root - INFO - No buses found within the time window for scheduled time: 04:02:32 on route 39 for date 2024-11-04
2024-04-21 02:02:44,066 - root - INFO - No buses found within the time window for scheduled time: 07:26:36 on route 39 for date 2024-11-04
2024-04-21 02:02:44,067 - root - INFO - No buses found within the time window for scheduled time: 22:01:32 on route 39 for date 2024-11-04
2024-04-21 02:02:44,067 - root - INFO - No buses found within the time window for scheduled time: 12:52:32 on route 39 for date 2024-11-04
2024-04-21 02:02:44,068 - root - INFO - No buses found within the time window for scheduled time: 21:01:32 on route 39 for date 2024-11-04
2024-04-21 02:02:44,068 - root - INFO - No buses found within the time window for scheduled time: 10:30:32 on route 39 for date 2024-11-04
2024-04-21 02:02:44,069 - root - INFO - No buses found within the time window for scheduled time: 13:28:36 on route 39 for date 2024-11-04
2024-04-21 02:02:44,069 - root - INFO - No buses found within the time window for scheduled time: 14:22:36 on route 39 for date 2024-11-04
2024-04-21 02:02:44,070 - root - INFO - No buses found within the time window for scheduled time: 07:22:32 on route 39 for date 2024-11-04
2024-04-21 02:02:44,071 - root - INFO - No buses found within the time window for scheduled time: 12:58:36 on route 39 for date 2024-11-04
2024-04-21 02:02:44,071 - root - INFO - No buses found within the time window for scheduled time: 05:02:32 on route 39 for date 2024-11-04
2024-04-21 02:02:44,072 - root - INFO - Unique dates found in bus locations data: ['04/11/24']
2024-04-21 02:02:44,072 - root - INFO - Processing matches for date: 2024-11-04
2024-04-21 02:02:44,072 - root - INFO - No buses found within the time window for scheduled time: 08:19:53 on route 248 for date 2024-11-04
2024-04-21 02:02:44,073 - root - INFO - No buses found within the time window for scheduled time: 11:19:53 on route 248 for date 2024-11-04
2024-04-21 02:02:44,073 - root - INFO - No buses found within the time window for scheduled time: 17:19:53 on route 248 for date 2024-11-04
2024-04-21 02:02:44,074 - root - INFO - No buses found within the time window for scheduled time: 14:19:53 on route 248 for date 2024-11-04
2024-04-21 02:02:44,074 - root - INFO - No buses found within the time window for scheduled time: 15:19:53 on route 248 for date 2024-11-04
2024-04-21 02:02:44,075 - root - INFO - No buses found within the time window for scheduled time: 07:19:45 on route 248 for date 2024-11-04
2024-04-21 02:02:44,076 - root - INFO - No buses found within the time window for scheduled time: 10:19:53 on route 248 for date 2024-11-04
2024-04-21 02:02:44,076 - root - INFO - No buses found within the time window for scheduled time: 12:19:53 on route 248 for date 2024-11-04
2024-04-21 02:02:44,077 - root - INFO - No buses found within the time window for scheduled time: 13:19:53 on route 248 for date 2024-11-04
2024-04-21 02:02:44,077 - root - INFO - No buses found within the time window for scheduled time: 16:19:53 on route 248 for date 2024-11-04
2024-04-21 02:02:44,078 - root - INFO - No buses found within the time window for scheduled time: 18:19:53 on route 248 for date 2024-11-04
2024-04-21 02:02:44,079 - root - INFO - No buses found within the time window for scheduled time: 06:19:45 on route 248 for date 2024-11-04
2024-04-21 02:02:44,079 - root - INFO - No buses found within the time window for scheduled time: 09:19:53 on route 248 for date 2024-11-04
2024-04-21 02:02:44,079 - root - INFO - Unique dates found in bus locations data: ['04/11/24']
2024-04-21 02:02:44,080 - root - INFO - Processing matches for date: 2024-11-04
2024-04-21 02:02:44,081 - root - INFO - No buses found within the time window for scheduled time: 16:43:05 on route 513 for date 2024-11-04
2024-04-21 02:02:44,081 - root - INFO - No buses found within the time window for scheduled time: 05:15:05 on route 513 for date 2024-11-04
2024-04-21 02:02:44,082 - root - INFO - No buses found within the time window for scheduled time: 05:45:05 on route 513 for date 2024-11-04
2024-04-21 02:02:44,083 - root - INFO - No buses found within the time window for scheduled time: 16:13:05 on route 513 for date 2024-11-04
2024-04-21 02:02:44,083 - root - INFO - Unique dates found in bus locations data: ['04/11/24']
2024-04-21 02:02:44,083 - root - INFO - Processing matches for date: 2024-11-04
